<?xml version="1.0" encoding="UTF-8"?>
<testng-results ignored="0" total="1" passed="1" failed="0" skipped="0">
  <reporter-output>
  </reporter-output>
  <suite started-at="2025-02-18T12:42:29 UTC" name="Suite" finished-at="2025-02-18T12:42:33 UTC" duration-ms="4781">
    <groups>
    </groups>
    <test started-at="2025-02-18T12:42:29 UTC" name="Test" finished-at="2025-02-18T12:42:33 UTC" duration-ms="4781">
      <class name="com.makemytrip.qa.pagelayer.HomePage">
        <test-method signature="HomePagetest()[pri:0, instance:com.makemytrip.qa.pagelayer.HomePage@4c371370]" started-at="2025-02-18T12:42:29 UTC" name="HomePagetest" finished-at="2025-02-18T12:42:33 UTC" duration-ms="4743" status="PASS">
          <reporter-output>
          </reporter-output>
        </test-method> <!-- HomePagetest -->
      </class> <!-- com.makemytrip.qa.pagelayer.HomePage -->
    </test> <!-- Test -->
  </suite> <!-- Suite -->
</testng-results>
