<?xml version="1.0" encoding="UTF-8"?>
<testng-results ignored="0" total="1" passed="1" failed="0" skipped="0">
  <reporter-output>
  </reporter-output>
  <suite started-at="2025-02-18T10:50:00 UTC" name="Default suite" finished-at="2025-02-18T10:50:05 UTC" duration-ms="4980">
    <groups>
    </groups>
    <test started-at="2025-02-18T10:50:00 UTC" name="Default test" finished-at="2025-02-18T10:50:05 UTC" duration-ms="4980">
      <class name="com.makemytrip.qa.pagelayer.HomePage">
        <test-method signature="HomePagetest()[pri:0, instance:com.makemytrip.qa.pagelayer.HomePage@4562e04d]" started-at="2025-02-18T10:50:00 UTC" name="HomePagetest" finished-at="2025-02-18T10:50:05 UTC" duration-ms="4935" status="PASS">
          <reporter-output>
          </reporter-output>
        </test-method> <!-- HomePagetest -->
      </class> <!-- com.makemytrip.qa.pagelayer.HomePage -->
    </test> <!-- Default test -->
  </suite> <!-- Default suite -->
</testng-results>
